0 0 1
0.999954 0.00686942 0.00673057 -1.9e-05
-0.00688242 0.999974 0.00191086 0.003854
-0.00671727 -0.00195709 0.999976 0.005238
0 0 0 1
1 1 2
0.986348 0.00126479 -0.164671 0.24344
-0.00169705 0.999995 -0.00248429 -0.01376
0.164667 0.00272982 0.986345 -0.000377
0 0 0 1
2 2 3
0.954966 0.00730654 -0.296625 0.414194
-0.0125058 0.9998 -0.0156344 -0.032473
0.296452 0.0186398 0.954866 0.071842
0 0 0 1
3 3 4
0.869081 0.0332505 -0.493552 0.660597
-0.0462995 0.998826 -0.0142367 -0.038401
0.492499 0.035224 0.8696 0.119857
0 0 0 1
4 4 5
0.865389 0.0153311 -0.500867 0.775915
-0.0417719 0.99826 -0.0416173 -0.025302
0.499357 0.0569373 0.864524 0.191287
0 0 0 1
5 5 6
0.893012 0.00546857 -0.450001 1.02876
-0.0254927 0.998935 -0.0384502 -0.017333
0.449312 0.0458082 0.8922 0.247195
0 0 0 1
6 6 7
0.960874 0.0255659 -0.275805 1.17039
-0.0407584 0.997942 -0.0494935 0.035412
0.273972 0.0587983 0.959939 0.416782
0 0 0 1
7 7 8
0.906161 0.0338585 -0.421578 1.33323
-0.0577211 0.997364 -0.0439671 0.021365
0.418978 0.064175 0.905727 0.46727
0 0 0 1
8 8 9
0.89196 0.0186902 -0.45173 1.49785
-0.0483804 0.997354 -0.0542646 0.024742
0.449521 0.0702566 0.890504 0.521712
0 0 0 1
9 9 10
0.847633 0.0184127 -0.530267 1.69668
-0.0674379 0.995031 -0.0732497 0.011195
0.526283 0.0978486 0.844663 0.656164
0 0 0 1
10 10 11
0.837517 -0.0138116 -0.54624 1.84062
-0.0347098 0.996317 -0.0784109 0.00671
0.545311 0.0846303 0.833952 0.706742
0 0 0 1
11 11 12
0.861366 0.0377728 -0.506582 2.06172
-0.0619667 0.997597 -0.0309807 -0.032904
0.504195 0.0580766 0.861637 0.788051
0 0 0 1
